<?xml version="1.0" encoding="UTF-8"?>
<testsuite xmlns:xsi="http://www.w3.org/2001/XMLSchema-instance" xsi:noNamespaceSchemaLocation="https://maven.apache.org/surefire/maven-surefire-plugin/xsd/surefire-test-report-3.0.xsd" version="3.0" name="finalproj.battleship.controller.GUIControllerTest" time="2.124" tests="10" errors="0" skipped="0" failures="0">
  <properties>
    <property name="java.specification.version" value="21"/>
    <property name="sun.jnu.encoding" value="UTF-8"/>
    <property name="java.class.path" value="/Users/nina/Library/CloudStorage/OneDrive-PennO365/24Spring/CS5004/final/Battleship/client/target/test-classes:/Users/nina/Library/CloudStorage/OneDrive-PennO365/24Spring/CS5004/final/Battleship/client/target/classes:/Users/nina/Library/CloudStorage/OneDrive-PennO365/24Spring/CS5004/final/Battleship/common/target/battlehip-common-1.0-SNAPSHOT.jar:/Users/nina/.m2/repository/org/junit/jupiter/junit-jupiter-api/5.8.2/junit-jupiter-api-5.8.2.jar:/Users/nina/.m2/repository/org/opentest4j/opentest4j/1.2.0/opentest4j-1.2.0.jar:/Users/nina/.m2/repository/org/junit/platform/junit-platform-commons/1.8.2/junit-platform-commons-1.8.2.jar:/Users/nina/.m2/repository/org/apiguardian/apiguardian-api/1.1.2/apiguardian-api-1.1.2.jar:/Users/nina/.m2/repository/org/junit/jupiter/junit-jupiter-params/5.8.2/junit-jupiter-params-5.8.2.jar:/Users/nina/.m2/repository/org/junit/jupiter/junit-jupiter-engine/5.8.2/junit-jupiter-engine-5.8.2.jar:/Users/nina/.m2/repository/org/junit/platform/junit-platform-engine/1.8.2/junit-platform-engine-1.8.2.jar:/Users/nina/.m2/repository/org/assertj/assertj-swing/3.17.1/assertj-swing-3.17.1.jar:/Users/nina/.m2/repository/org/assertj/assertj-core/3.17.2/assertj-core-3.17.2.jar:/Users/nina/.m2/repository/org/easytesting/fest-util/1.2.5/fest-util-1.2.5.jar:/Users/nina/.m2/repository/org/mockito/mockito-core/3.6.0/mockito-core-3.6.0.jar:/Users/nina/.m2/repository/net/bytebuddy/byte-buddy/1.10.15/byte-buddy-1.10.15.jar:/Users/nina/.m2/repository/net/bytebuddy/byte-buddy-agent/1.10.15/byte-buddy-agent-1.10.15.jar:/Users/nina/.m2/repository/org/objenesis/objenesis/3.1/objenesis-3.1.jar:/Users/nina/.m2/repository/org/mockito/mockito-junit-jupiter/5.11.0/mockito-junit-jupiter-5.11.0.jar:"/>
    <property name="java.vm.vendor" value="Oracle Corporation"/>
    <property name="sun.arch.data.model" value="64"/>
    <property name="java.vendor.url" value="https://java.oracle.com/"/>
    <property name="os.name" value="Mac OS X"/>
    <property name="java.vm.specification.version" value="21"/>
    <property name="sun.java.launcher" value="SUN_STANDARD"/>
    <property name="user.country" value="US"/>
    <property name="sun.boot.library.path" value="/Library/Java/JavaVirtualMachines/jdk-21.jdk/Contents/Home/lib"/>
    <property name="sun.java.command" value="/Users/nina/Library/CloudStorage/OneDrive-PennO365/24Spring/CS5004/final/Battleship/client/target/surefire/surefirebooter-20240426133812337_6.jar /Users/nina/Library/CloudStorage/OneDrive-PennO365/24Spring/CS5004/final/Battleship/client/target/surefire 2024-04-26T13-38-08_971-jvmRun1 surefire-20240426133812337_4tmp surefire_1-20240426133812337_5tmp"/>
    <property name="http.nonProxyHosts" value="192.168.0.0/16|*.192.168.0.0/16|10.0.0.0/8|*.10.0.0.0/8|172.16.0.0/12|*.172.16.0.0/12|127.0.0.1|localhost|*.localhost|local|*.local"/>
    <property name="jdk.debug" value="release"/>
    <property name="surefire.test.class.path" value="/Users/nina/Library/CloudStorage/OneDrive-PennO365/24Spring/CS5004/final/Battleship/client/target/test-classes:/Users/nina/Library/CloudStorage/OneDrive-PennO365/24Spring/CS5004/final/Battleship/client/target/classes:/Users/nina/Library/CloudStorage/OneDrive-PennO365/24Spring/CS5004/final/Battleship/common/target/battlehip-common-1.0-SNAPSHOT.jar:/Users/nina/.m2/repository/org/junit/jupiter/junit-jupiter-api/5.8.2/junit-jupiter-api-5.8.2.jar:/Users/nina/.m2/repository/org/opentest4j/opentest4j/1.2.0/opentest4j-1.2.0.jar:/Users/nina/.m2/repository/org/junit/platform/junit-platform-commons/1.8.2/junit-platform-commons-1.8.2.jar:/Users/nina/.m2/repository/org/apiguardian/apiguardian-api/1.1.2/apiguardian-api-1.1.2.jar:/Users/nina/.m2/repository/org/junit/jupiter/junit-jupiter-params/5.8.2/junit-jupiter-params-5.8.2.jar:/Users/nina/.m2/repository/org/junit/jupiter/junit-jupiter-engine/5.8.2/junit-jupiter-engine-5.8.2.jar:/Users/nina/.m2/repository/org/junit/platform/junit-platform-engine/1.8.2/junit-platform-engine-1.8.2.jar:/Users/nina/.m2/repository/org/assertj/assertj-swing/3.17.1/assertj-swing-3.17.1.jar:/Users/nina/.m2/repository/org/assertj/assertj-core/3.17.2/assertj-core-3.17.2.jar:/Users/nina/.m2/repository/org/easytesting/fest-util/1.2.5/fest-util-1.2.5.jar:/Users/nina/.m2/repository/org/mockito/mockito-core/3.6.0/mockito-core-3.6.0.jar:/Users/nina/.m2/repository/net/bytebuddy/byte-buddy/1.10.15/byte-buddy-1.10.15.jar:/Users/nina/.m2/repository/net/bytebuddy/byte-buddy-agent/1.10.15/byte-buddy-agent-1.10.15.jar:/Users/nina/.m2/repository/org/objenesis/objenesis/3.1/objenesis-3.1.jar:/Users/nina/.m2/repository/org/mockito/mockito-junit-jupiter/5.11.0/mockito-junit-jupiter-5.11.0.jar:"/>
    <property name="sun.cpu.endian" value="little"/>
    <property name="user.home" value="/Users/nina"/>
    <property name="user.language" value="en"/>
    <property name="java.specification.vendor" value="Oracle Corporation"/>
    <property name="java.version.date" value="2024-01-16"/>
    <property name="java.home" value="/Library/Java/JavaVirtualMachines/jdk-21.jdk/Contents/Home"/>
    <property name="file.separator" value="/"/>
    <property name="basedir" value="/Users/nina/Library/CloudStorage/OneDrive-PennO365/24Spring/CS5004/final/Battleship/client"/>
    <property name="java.vm.compressedOopsMode" value="Zero based"/>
    <property name="line.separator" value="&#10;"/>
    <property name="java.vm.specification.vendor" value="Oracle Corporation"/>
    <property name="java.specification.name" value="Java Platform API Specification"/>
    <property name="apple.awt.application.name" value="ForkedBooter"/>
    <property name="surefire.real.class.path" value="/Users/nina/Library/CloudStorage/OneDrive-PennO365/24Spring/CS5004/final/Battleship/client/target/surefire/surefirebooter-20240426133812337_6.jar"/>
    <property name="sun.management.compiler" value="HotSpot 64-Bit Tiered Compilers"/>
    <property name="ftp.nonProxyHosts" value="192.168.0.0/16|*.192.168.0.0/16|10.0.0.0/8|*.10.0.0.0/8|172.16.0.0/12|*.172.16.0.0/12|127.0.0.1|localhost|*.localhost|local|*.local"/>
    <property name="java.runtime.version" value="21.0.2+13-LTS-58"/>
    <property name="user.name" value="nina"/>
    <property name="stdout.encoding" value="UTF-8"/>
    <property name="path.separator" value=":"/>
    <property name="os.version" value="12.6.9"/>
    <property name="java.runtime.name" value="Java(TM) SE Runtime Environment"/>
    <property name="file.encoding" value="UTF-8"/>
    <property name="java.vm.name" value="Java HotSpot(TM) 64-Bit Server VM"/>
    <property name="localRepository" value="/Users/nina/.m2/repository"/>
    <property name="java.vendor.url.bug" value="https://bugreport.java.com/bugreport/"/>
    <property name="java.io.tmpdir" value="/var/folders/g4/bsbz7rpx4q3fnr0lsx650zqr0000gn/T/"/>
    <property name="idea.version" value="2023.3.5"/>
    <property name="java.version" value="21.0.2"/>
    <property name="user.dir" value="/Users/nina/Library/CloudStorage/OneDrive-PennO365/24Spring/CS5004/final/Battleship/client"/>
    <property name="os.arch" value="x86_64"/>
    <property name="java.vm.specification.name" value="Java Virtual Machine Specification"/>
    <property name="native.encoding" value="UTF-8"/>
    <property name="java.library.path" value="/Users/nina/Library/Java/Extensions:/Library/Java/Extensions:/Network/Library/Java/Extensions:/System/Library/Java/Extensions:/usr/lib/java:."/>
    <property name="java.vm.info" value="mixed mode, sharing"/>
    <property name="stderr.encoding" value="UTF-8"/>
    <property name="java.vendor" value="Oracle Corporation"/>
    <property name="java.vm.version" value="21.0.2+13-LTS-58"/>
    <property name="sun.io.unicode.encoding" value="UnicodeBig"/>
    <property name="socksNonProxyHosts" value="192.168.0.0/16|*.192.168.0.0/16|10.0.0.0/8|*.10.0.0.0/8|172.16.0.0/12|*.172.16.0.0/12|127.0.0.1|localhost|*.localhost|local|*.local"/>
    <property name="java.class.version" value="65.0"/>
  </properties>
  <testcase name="testGetClickedSettingButton" classname="finalproj.battleship.controller.GUIControllerTest" time="2.079"/>
  <testcase name="testEndGame" classname="finalproj.battleship.controller.GUIControllerTest" time="0.004"/>
  <testcase name="testAttackComputer" classname="finalproj.battleship.controller.GUIControllerTest" time="0.005"/>
  <testcase name="testNavigationToPlayingPanel" classname="finalproj.battleship.controller.GUIControllerTest" time="0.004"/>
  <testcase name="testNavigationToOnePlayerPanel" classname="finalproj.battleship.controller.GUIControllerTest" time="0.004"/>
  <testcase name="testNavigationToSettingPanel" classname="finalproj.battleship.controller.GUIControllerTest" time="0.002"/>
  <testcase name="testNavigationToWelcome" classname="finalproj.battleship.controller.GUIControllerTest" time="0.003"/>
  <testcase name="testAttack" classname="finalproj.battleship.controller.GUIControllerTest" time="0.002"/>
  <testcase name="testSetShip" classname="finalproj.battleship.controller.GUIControllerTest" time="0.003"/>
  <testcase name="testNavigationToGuidePanel" classname="finalproj.battleship.controller.GUIControllerTest" time="0.002"/>
</testsuite>